{"C:\\Users\\davidRa\\Desktop\\portfolio\\quark-components\\src\\components\\AutoComplete\\index.ts": {"path":"C:\\Users\\davidRa\\Desktop\\portfolio\\quark-components\\src\\components\\AutoComplete\\index.ts","statementMap":{},"fnMap":{},"branchMap":{},"s":{},"f":{},"b":{}}
,"C:\\Users\\davidRa\\Desktop\\portfolio\\quark-components\\src\\components\\Button\\index.ts": {"path":"C:\\Users\\davidRa\\Desktop\\portfolio\\quark-components\\src\\components\\Button\\index.ts","statementMap":{},"fnMap":{},"branchMap":{},"s":{},"f":{},"b":{}}
,"C:\\Users\\davidRa\\Desktop\\portfolio\\quark-components\\src\\components\\Card\\index.ts": {"path":"C:\\Users\\davidRa\\Desktop\\portfolio\\quark-components\\src\\components\\Card\\index.ts","statementMap":{},"fnMap":{},"branchMap":{},"s":{},"f":{},"b":{}}
,"C:\\Users\\davidRa\\Desktop\\portfolio\\quark-components\\src\\components\\Carousel\\index.ts": {"path":"C:\\Users\\davidRa\\Desktop\\portfolio\\quark-components\\src\\components\\Carousel\\index.ts","statementMap":{},"fnMap":{},"branchMap":{},"s":{},"f":{},"b":{}}
,"C:\\Users\\davidRa\\Desktop\\portfolio\\quark-components\\src\\components\\CheckBox\\index.ts": {"path":"C:\\Users\\davidRa\\Desktop\\portfolio\\quark-components\\src\\components\\CheckBox\\index.ts","statementMap":{},"fnMap":{},"branchMap":{},"s":{},"f":{},"b":{}}
,"C:\\Users\\davidRa\\Desktop\\portfolio\\quark-components\\src\\components\\Dropdown\\index.ts": {"path":"C:\\Users\\davidRa\\Desktop\\portfolio\\quark-components\\src\\components\\Dropdown\\index.ts","statementMap":{},"fnMap":{},"branchMap":{},"s":{},"f":{},"b":{}}
,"C:\\Users\\davidRa\\Desktop\\portfolio\\quark-components\\src\\components\\Fetcher\\index.ts": {"path":"C:\\Users\\davidRa\\Desktop\\portfolio\\quark-components\\src\\components\\Fetcher\\index.ts","statementMap":{},"fnMap":{},"branchMap":{},"s":{},"f":{},"b":{}}
,"C:\\Users\\davidRa\\Desktop\\portfolio\\quark-components\\src\\components\\Form\\index.ts": {"path":"C:\\Users\\davidRa\\Desktop\\portfolio\\quark-components\\src\\components\\Form\\index.ts","statementMap":{},"fnMap":{},"branchMap":{},"s":{},"f":{},"b":{}}
,"C:\\Users\\davidRa\\Desktop\\portfolio\\quark-components\\src\\components\\Grid\\index.ts": {"path":"C:\\Users\\davidRa\\Desktop\\portfolio\\quark-components\\src\\components\\Grid\\index.ts","statementMap":{},"fnMap":{},"branchMap":{},"s":{},"f":{},"b":{}}
,"C:\\Users\\davidRa\\Desktop\\portfolio\\quark-components\\src\\components\\HeaderBar\\index.ts": {"path":"C:\\Users\\davidRa\\Desktop\\portfolio\\quark-components\\src\\components\\HeaderBar\\index.ts","statementMap":{},"fnMap":{},"branchMap":{},"s":{},"f":{},"b":{}}
,"C:\\Users\\davidRa\\Desktop\\portfolio\\quark-components\\src\\components\\Icon\\index.ts": {"path":"C:\\Users\\davidRa\\Desktop\\portfolio\\quark-components\\src\\components\\Icon\\index.ts","statementMap":{},"fnMap":{},"branchMap":{},"s":{},"f":{},"b":{}}
,"C:\\Users\\davidRa\\Desktop\\portfolio\\quark-components\\src\\components\\Icon\\icons\\index.ts": {"path":"C:\\Users\\davidRa\\Desktop\\portfolio\\quark-components\\src\\components\\Icon\\icons\\index.ts","statementMap":{},"fnMap":{},"branchMap":{},"s":{},"f":{},"b":{}}
,"C:\\Users\\davidRa\\Desktop\\portfolio\\quark-components\\src\\components\\Image\\index.ts": {"path":"C:\\Users\\davidRa\\Desktop\\portfolio\\quark-components\\src\\components\\Image\\index.ts","statementMap":{},"fnMap":{},"branchMap":{},"s":{},"f":{},"b":{}}
,"C:\\Users\\davidRa\\Desktop\\portfolio\\quark-components\\src\\components\\Input\\index.ts": {"path":"C:\\Users\\davidRa\\Desktop\\portfolio\\quark-components\\src\\components\\Input\\index.ts","statementMap":{},"fnMap":{},"branchMap":{},"s":{},"f":{},"b":{}}
,"C:\\Users\\davidRa\\Desktop\\portfolio\\quark-components\\src\\components\\InputTable\\index.ts": {"path":"C:\\Users\\davidRa\\Desktop\\portfolio\\quark-components\\src\\components\\InputTable\\index.ts","statementMap":{},"fnMap":{},"branchMap":{},"s":{},"f":{},"b":{}}
,"C:\\Users\\davidRa\\Desktop\\portfolio\\quark-components\\src\\components\\InputTable\\hooks\\index.ts": {"path":"C:\\Users\\davidRa\\Desktop\\portfolio\\quark-components\\src\\components\\InputTable\\hooks\\index.ts","statementMap":{},"fnMap":{},"branchMap":{},"s":{},"f":{},"b":{}}
,"C:\\Users\\davidRa\\Desktop\\portfolio\\quark-components\\src\\components\\LazyLoad\\index.ts": {"path":"C:\\Users\\davidRa\\Desktop\\portfolio\\quark-components\\src\\components\\LazyLoad\\index.ts","statementMap":{},"fnMap":{},"branchMap":{},"s":{},"f":{},"b":{}}
,"C:\\Users\\davidRa\\Desktop\\portfolio\\quark-components\\src\\components\\List\\index.ts": {"path":"C:\\Users\\davidRa\\Desktop\\portfolio\\quark-components\\src\\components\\List\\index.ts","statementMap":{},"fnMap":{},"branchMap":{},"s":{},"f":{},"b":{}}
,"C:\\Users\\davidRa\\Desktop\\portfolio\\quark-components\\src\\components\\Loader\\index.ts": {"path":"C:\\Users\\davidRa\\Desktop\\portfolio\\quark-components\\src\\components\\Loader\\index.ts","statementMap":{},"fnMap":{},"branchMap":{},"s":{},"f":{},"b":{}}
,"C:\\Users\\davidRa\\Desktop\\portfolio\\quark-components\\src\\components\\Menu\\index.ts": {"path":"C:\\Users\\davidRa\\Desktop\\portfolio\\quark-components\\src\\components\\Menu\\index.ts","statementMap":{},"fnMap":{},"branchMap":{},"s":{},"f":{},"b":{}}
,"C:\\Users\\davidRa\\Desktop\\portfolio\\quark-components\\src\\components\\Menu\\MenuItem\\index.ts": {"path":"C:\\Users\\davidRa\\Desktop\\portfolio\\quark-components\\src\\components\\Menu\\MenuItem\\index.ts","statementMap":{},"fnMap":{},"branchMap":{},"s":{},"f":{},"b":{}}
,"C:\\Users\\davidRa\\Desktop\\portfolio\\quark-components\\src\\components\\Menu\\SubMenu\\index.ts": {"path":"C:\\Users\\davidRa\\Desktop\\portfolio\\quark-components\\src\\components\\Menu\\SubMenu\\index.ts","statementMap":{},"fnMap":{},"branchMap":{},"s":{},"f":{},"b":{}}
,"C:\\Users\\davidRa\\Desktop\\portfolio\\quark-components\\src\\components\\Modal\\index.ts": {"path":"C:\\Users\\davidRa\\Desktop\\portfolio\\quark-components\\src\\components\\Modal\\index.ts","statementMap":{},"fnMap":{},"branchMap":{},"s":{},"f":{},"b":{}}
,"C:\\Users\\davidRa\\Desktop\\portfolio\\quark-components\\src\\components\\NavMenu\\index.ts": {"path":"C:\\Users\\davidRa\\Desktop\\portfolio\\quark-components\\src\\components\\NavMenu\\index.ts","statementMap":{},"fnMap":{},"branchMap":{},"s":{},"f":{},"b":{}}
,"C:\\Users\\davidRa\\Desktop\\portfolio\\quark-components\\src\\components\\Select\\index.ts": {"path":"C:\\Users\\davidRa\\Desktop\\portfolio\\quark-components\\src\\components\\Select\\index.ts","statementMap":{},"fnMap":{},"branchMap":{},"s":{},"f":{},"b":{}}
,"C:\\Users\\davidRa\\Desktop\\portfolio\\quark-components\\src\\components\\Share\\index.ts": {"path":"C:\\Users\\davidRa\\Desktop\\portfolio\\quark-components\\src\\components\\Share\\index.ts","statementMap":{},"fnMap":{},"branchMap":{},"s":{},"f":{},"b":{}}
,"C:\\Users\\davidRa\\Desktop\\portfolio\\quark-components\\src\\components\\Swiper\\index.ts": {"path":"C:\\Users\\davidRa\\Desktop\\portfolio\\quark-components\\src\\components\\Swiper\\index.ts","statementMap":{},"fnMap":{},"branchMap":{},"s":{},"f":{},"b":{}}
,"C:\\Users\\davidRa\\Desktop\\portfolio\\quark-components\\src\\components\\Table\\index.ts": {"path":"C:\\Users\\davidRa\\Desktop\\portfolio\\quark-components\\src\\components\\Table\\index.ts","statementMap":{},"fnMap":{},"branchMap":{},"s":{},"f":{},"b":{}}
,"C:\\Users\\davidRa\\Desktop\\portfolio\\quark-components\\src\\components\\Tooltip\\index.ts": {"path":"C:\\Users\\davidRa\\Desktop\\portfolio\\quark-components\\src\\components\\Tooltip\\index.ts","statementMap":{},"fnMap":{},"branchMap":{},"s":{},"f":{},"b":{}}
}
